2024-10-22T18:41:17.466-03:00  INFO 16756 --- [authserver] [main] b.p.authserver.AuthserverApplicationKt   : Starting AuthserverApplicationKt using Java 21.0.4 with PID 16756 (C:\Users\tiago\Desktop\project\authserver\build\classes\kotlin\main started by tiago in C:\Users\tiago\Desktop\project\authserver)
2024-10-22T18:41:17.473-03:00  INFO 16756 --- [authserver] [main] b.p.authserver.AuthserverApplicationKt   : No active profile set, falling back to 1 default profile: "default"
2024-10-22T18:41:18.176-03:00  INFO 16756 --- [authserver] [main] .s.d.r.c.RepositoryConfigurationDelegate : Bootstrapping Spring Data JPA repositories in DEFAULT mode.
2024-10-22T18:41:18.228-03:00  INFO 16756 --- [authserver] [main] .s.d.r.c.RepositoryConfigurationDelegate : Finished Spring Data repository scanning in 45 ms. Found 4 JPA repository interfaces.
2024-10-22T18:41:18.648-03:00  INFO 16756 --- [authserver] [main] o.s.b.w.embedded.tomcat.TomcatWebServer  : Tomcat initialized with port 8080 (http)
2024-10-22T18:41:18.656-03:00  INFO 16756 --- [authserver] [main] o.apache.catalina.core.StandardService   : Starting service [Tomcat]
2024-10-22T18:41:18.657-03:00  INFO 16756 --- [authserver] [main] o.apache.catalina.core.StandardEngine    : Starting Servlet engine: [Apache Tomcat/10.1.26]
2024-10-22T18:41:18.701-03:00  INFO 16756 --- [authserver] [main] o.a.c.c.C.[Tomcat].[localhost].[/api]    : Initializing Spring embedded WebApplicationContext
2024-10-22T18:41:18.701-03:00  INFO 16756 --- [authserver] [main] w.s.c.ServletWebServerApplicationContext : Root WebApplicationContext: initialization completed in 1179 ms
2024-10-22T18:41:18.721-03:00  INFO 16756 --- [authserver] [main] com.zaxxer.hikari.HikariDataSource       : HikariPool-1 - Starting...
2024-10-22T18:41:18.866-03:00  INFO 16756 --- [authserver] [main] com.zaxxer.hikari.pool.HikariPool        : HikariPool-1 - Added connection conn0: url=jdbc:h2:mem:db user=SA
2024-10-22T18:41:18.867-03:00  INFO 16756 --- [authserver] [main] com.zaxxer.hikari.HikariDataSource       : HikariPool-1 - Start completed.
2024-10-22T18:41:18.874-03:00  INFO 16756 --- [authserver] [main] o.s.b.a.h2.H2ConsoleAutoConfiguration    : H2 console available at '/h2-console'. Database available at 'jdbc:h2:mem:db'
2024-10-22T18:41:18.982-03:00  INFO 16756 --- [authserver] [main] o.hibernate.jpa.internal.util.LogHelper  : HHH000204: Processing PersistenceUnitInfo [name: default]
2024-10-22T18:41:19.034-03:00  INFO 16756 --- [authserver] [main] org.hibernate.Version                    : HHH000412: Hibernate ORM core version 6.5.2.Final
2024-10-22T18:41:19.061-03:00  INFO 16756 --- [authserver] [main] o.h.c.internal.RegionFactoryInitiator    : HHH000026: Second-level cache disabled
2024-10-22T18:41:19.321-03:00  INFO 16756 --- [authserver] [main] o.s.o.j.p.SpringPersistenceUnitInfo      : No LoadTimeWeaver setup: ignoring JPA class transformer
2024-10-22T18:41:20.093-03:00  INFO 16756 --- [authserver] [main] o.h.e.t.j.p.i.JtaPlatformInitiator       : HHH000489: No JTA platform available (set 'hibernate.transaction.jta.platform' to enable JTA platform integration)
2024-10-22T18:41:20.147-03:00  INFO 16756 --- [authserver] [main] j.LocalContainerEntityManagerFactoryBean : Initialized JPA EntityManagerFactory for persistence unit 'default'
2024-10-22T18:41:20.534-03:00  INFO 16756 --- [authserver] [main] o.s.d.j.r.query.QueryEnhancerFactory     : Hibernate is in classpath; If applicable, HQL parser will be used.
2024-10-22T18:41:20.919-03:00  WARN 16756 --- [authserver] [main] JpaBaseConfiguration$JpaWebConfiguration : spring.jpa.open-in-view is enabled by default. Therefore, database queries may be performed during view rendering. Explicitly configure spring.jpa.open-in-view to disable this warning
2024-10-22T18:41:20.933-03:00  WARN 16756 --- [authserver] [main] .s.s.UserDetailsServiceAutoConfiguration : 

Using generated security password: cfdf8a60-79c0-4cb8-a1d8-be2581172f3b

This generated password is for development use only. Your security configuration must be updated before running your application in production.

2024-10-22T18:41:20.950-03:00  INFO 16756 --- [authserver] [main] r$InitializeUserDetailsManagerConfigurer : Global AuthenticationManager configured with UserDetailsService bean with name inMemoryUserDetailsManager
2024-10-22T18:41:21.378-03:00  INFO 16756 --- [authserver] [main] o.s.b.w.embedded.tomcat.TomcatWebServer  : Tomcat started on port 8080 (http) with context path '/api'
2024-10-22T18:41:21.515-03:00  INFO 16756 --- [authserver] [main] br.pucpr.authserver.Bootstrapper         : ADMIN and USER roles created!
2024-10-22T18:41:21.536-03:00  INFO 16756 --- [authserver] [main] br.pucpr.authserver.Bootstrapper         : ADMIN user created!
2024-10-22T18:41:21.537-03:00  INFO 16756 --- [authserver] [main] b.p.authserver.AuthserverApplicationKt   : Started AuthserverApplicationKt in 4.422 seconds (process running for 4.823)
2024-10-22T18:41:32.864-03:00  INFO 16756 --- [authserver] [http-nio-8080-exec-3] o.a.c.c.C.[Tomcat].[localhost].[/api]    : Initializing Spring DispatcherServlet 'dispatcherServlet'
2024-10-22T18:41:32.865-03:00  INFO 16756 --- [authserver] [http-nio-8080-exec-3] o.s.web.servlet.DispatcherServlet        : Initializing Servlet 'dispatcherServlet'
2024-10-22T18:41:32.865-03:00  INFO 16756 --- [authserver] [http-nio-8080-exec-3] o.s.web.servlet.DispatcherServlet        : Completed initialization in 0 ms
2024-10-22T18:41:33.382-03:00  INFO 16756 --- [authserver] [http-nio-8080-exec-6] o.springdoc.api.AbstractOpenApiResource  : Init duration for springdoc-openapi is: 321 ms
2024-10-22T18:47:04.164-03:00  INFO 16756 --- [authserver] [SpringApplicationShutdownHook] j.LocalContainerEntityManagerFactoryBean : Closing JPA EntityManagerFactory for persistence unit 'default'
2024-10-22T18:47:04.171-03:00  INFO 16756 --- [authserver] [SpringApplicationShutdownHook] com.zaxxer.hikari.HikariDataSource       : HikariPool-1 - Shutdown initiated...
2024-10-22T18:47:04.173-03:00  INFO 16756 --- [authserver] [SpringApplicationShutdownHook] com.zaxxer.hikari.HikariDataSource       : HikariPool-1 - Shutdown completed.
2024-10-22T18:58:28.263-03:00  INFO 46396 --- [authserver] [main] b.p.authserver.AuthserverApplicationKt   : Starting AuthserverApplicationKt using Java 21.0.4 with PID 46396 (C:\Users\tiago\Desktop\project\authserver\build\classes\kotlin\main started by tiago in C:\Users\tiago\Desktop\project\authserver)
2024-10-22T18:58:28.265-03:00  INFO 46396 --- [authserver] [main] b.p.authserver.AuthserverApplicationKt   : No active profile set, falling back to 1 default profile: "default"
2024-10-22T18:58:28.883-03:00  INFO 46396 --- [authserver] [main] .s.d.r.c.RepositoryConfigurationDelegate : Bootstrapping Spring Data JPA repositories in DEFAULT mode.
2024-10-22T18:58:28.929-03:00  INFO 46396 --- [authserver] [main] .s.d.r.c.RepositoryConfigurationDelegate : Finished Spring Data repository scanning in 40 ms. Found 4 JPA repository interfaces.
2024-10-22T18:58:29.276-03:00  INFO 46396 --- [authserver] [main] o.s.b.w.embedded.tomcat.TomcatWebServer  : Tomcat initialized with port 8080 (http)
2024-10-22T18:58:29.285-03:00  INFO 46396 --- [authserver] [main] o.apache.catalina.core.StandardService   : Starting service [Tomcat]
2024-10-22T18:58:29.285-03:00  INFO 46396 --- [authserver] [main] o.apache.catalina.core.StandardEngine    : Starting Servlet engine: [Apache Tomcat/10.1.26]
2024-10-22T18:58:29.325-03:00  INFO 46396 --- [authserver] [main] o.a.c.c.C.[Tomcat].[localhost].[/api]    : Initializing Spring embedded WebApplicationContext
2024-10-22T18:58:29.325-03:00  INFO 46396 --- [authserver] [main] w.s.c.ServletWebServerApplicationContext : Root WebApplicationContext: initialization completed in 1020 ms
2024-10-22T18:58:29.344-03:00  INFO 46396 --- [authserver] [main] com.zaxxer.hikari.HikariDataSource       : HikariPool-1 - Starting...
2024-10-22T18:58:29.460-03:00  INFO 46396 --- [authserver] [main] com.zaxxer.hikari.pool.HikariPool        : HikariPool-1 - Added connection conn0: url=jdbc:h2:mem:db user=SA
2024-10-22T18:58:29.461-03:00  INFO 46396 --- [authserver] [main] com.zaxxer.hikari.HikariDataSource       : HikariPool-1 - Start completed.
2024-10-22T18:58:29.467-03:00  INFO 46396 --- [authserver] [main] o.s.b.a.h2.H2ConsoleAutoConfiguration    : H2 console available at '/h2-console'. Database available at 'jdbc:h2:mem:db'
2024-10-22T18:58:29.575-03:00  INFO 46396 --- [authserver] [main] o.hibernate.jpa.internal.util.LogHelper  : HHH000204: Processing PersistenceUnitInfo [name: default]
2024-10-22T18:58:29.612-03:00  INFO 46396 --- [authserver] [main] org.hibernate.Version                    : HHH000412: Hibernate ORM core version 6.5.2.Final
2024-10-22T18:58:29.632-03:00  INFO 46396 --- [authserver] [main] o.h.c.internal.RegionFactoryInitiator    : HHH000026: Second-level cache disabled
2024-10-22T18:58:29.837-03:00  INFO 46396 --- [authserver] [main] o.s.o.j.p.SpringPersistenceUnitInfo      : No LoadTimeWeaver setup: ignoring JPA class transformer
2024-10-22T18:58:30.527-03:00  INFO 46396 --- [authserver] [main] o.h.e.t.j.p.i.JtaPlatformInitiator       : HHH000489: No JTA platform available (set 'hibernate.transaction.jta.platform' to enable JTA platform integration)
2024-10-22T18:58:30.568-03:00  INFO 46396 --- [authserver] [main] j.LocalContainerEntityManagerFactoryBean : Initialized JPA EntityManagerFactory for persistence unit 'default'
2024-10-22T18:58:30.925-03:00  INFO 46396 --- [authserver] [main] o.s.d.j.r.query.QueryEnhancerFactory     : Hibernate is in classpath; If applicable, HQL parser will be used.
2024-10-22T18:58:31.287-03:00  WARN 46396 --- [authserver] [main] JpaBaseConfiguration$JpaWebConfiguration : spring.jpa.open-in-view is enabled by default. Therefore, database queries may be performed during view rendering. Explicitly configure spring.jpa.open-in-view to disable this warning
2024-10-22T18:58:31.300-03:00  WARN 46396 --- [authserver] [main] .s.s.UserDetailsServiceAutoConfiguration : 

Using generated security password: 2c182d7a-250d-472f-8b3b-03f49018f9cf

This generated password is for development use only. Your security configuration must be updated before running your application in production.

2024-10-22T18:58:31.314-03:00  INFO 46396 --- [authserver] [main] r$InitializeUserDetailsManagerConfigurer : Global AuthenticationManager configured with UserDetailsService bean with name inMemoryUserDetailsManager
2024-10-22T18:58:31.680-03:00  INFO 46396 --- [authserver] [main] o.s.b.w.embedded.tomcat.TomcatWebServer  : Tomcat started on port 8080 (http) with context path '/api'
2024-10-22T18:58:31.796-03:00  INFO 46396 --- [authserver] [main] br.pucpr.authserver.Bootstrapper         : ADMIN and USER roles created!
2024-10-22T18:58:31.815-03:00  INFO 46396 --- [authserver] [main] br.pucpr.authserver.Bootstrapper         : ADMIN user created!
2024-10-22T18:58:31.816-03:00  INFO 46396 --- [authserver] [main] b.p.authserver.AuthserverApplicationKt   : Started AuthserverApplicationKt in 3.81 seconds (process running for 4.212)
2024-10-22T18:59:07.565-03:00  INFO 46396 --- [authserver] [http-nio-8080-exec-1] o.a.c.c.C.[Tomcat].[localhost].[/api]    : Initializing Spring DispatcherServlet 'dispatcherServlet'
2024-10-22T18:59:07.566-03:00  INFO 46396 --- [authserver] [http-nio-8080-exec-1] o.s.web.servlet.DispatcherServlet        : Initializing Servlet 'dispatcherServlet'
2024-10-22T18:59:07.566-03:00  INFO 46396 --- [authserver] [http-nio-8080-exec-1] o.s.web.servlet.DispatcherServlet        : Completed initialization in 0 ms
2024-10-22T18:59:08.072-03:00  INFO 46396 --- [authserver] [http-nio-8080-exec-10] o.springdoc.api.AbstractOpenApiResource  : Init duration for springdoc-openapi is: 319 ms
2024-10-22T19:00:41.836-03:00  INFO 46396 --- [authserver] [SpringApplicationShutdownHook] j.LocalContainerEntityManagerFactoryBean : Closing JPA EntityManagerFactory for persistence unit 'default'
2024-10-22T19:00:41.843-03:00  INFO 46396 --- [authserver] [SpringApplicationShutdownHook] com.zaxxer.hikari.HikariDataSource       : HikariPool-1 - Shutdown initiated...
2024-10-22T19:00:41.844-03:00  INFO 46396 --- [authserver] [SpringApplicationShutdownHook] com.zaxxer.hikari.HikariDataSource       : HikariPool-1 - Shutdown completed.
2024-10-22T19:00:44.452-03:00  INFO 42732 --- [authserver] [main] b.p.authserver.AuthserverApplicationKt   : Starting AuthserverApplicationKt using Java 21.0.4 with PID 42732 (C:\Users\tiago\Desktop\project\authserver\build\classes\kotlin\main started by tiago in C:\Users\tiago\Desktop\project\authserver)
2024-10-22T19:00:44.453-03:00  INFO 42732 --- [authserver] [main] b.p.authserver.AuthserverApplicationKt   : No active profile set, falling back to 1 default profile: "default"
2024-10-22T19:00:45.118-03:00  INFO 42732 --- [authserver] [main] .s.d.r.c.RepositoryConfigurationDelegate : Bootstrapping Spring Data JPA repositories in DEFAULT mode.
2024-10-22T19:00:45.161-03:00  INFO 42732 --- [authserver] [main] .s.d.r.c.RepositoryConfigurationDelegate : Finished Spring Data repository scanning in 37 ms. Found 4 JPA repository interfaces.
2024-10-22T19:00:45.520-03:00  INFO 42732 --- [authserver] [main] o.s.b.w.embedded.tomcat.TomcatWebServer  : Tomcat initialized with port 8080 (http)
2024-10-22T19:00:45.528-03:00  INFO 42732 --- [authserver] [main] o.apache.catalina.core.StandardService   : Starting service [Tomcat]
2024-10-22T19:00:45.528-03:00  INFO 42732 --- [authserver] [main] o.apache.catalina.core.StandardEngine    : Starting Servlet engine: [Apache Tomcat/10.1.26]
2024-10-22T19:00:45.567-03:00  INFO 42732 --- [authserver] [main] o.a.c.c.C.[Tomcat].[localhost].[/api]    : Initializing Spring embedded WebApplicationContext
2024-10-22T19:00:45.568-03:00  INFO 42732 --- [authserver] [main] w.s.c.ServletWebServerApplicationContext : Root WebApplicationContext: initialization completed in 1075 ms
2024-10-22T19:00:45.587-03:00  INFO 42732 --- [authserver] [main] com.zaxxer.hikari.HikariDataSource       : HikariPool-1 - Starting...
2024-10-22T19:00:45.712-03:00  INFO 42732 --- [authserver] [main] com.zaxxer.hikari.pool.HikariPool        : HikariPool-1 - Added connection conn0: url=jdbc:h2:mem:db user=SA
2024-10-22T19:00:45.713-03:00  INFO 42732 --- [authserver] [main] com.zaxxer.hikari.HikariDataSource       : HikariPool-1 - Start completed.
2024-10-22T19:00:45.723-03:00  INFO 42732 --- [authserver] [main] o.s.b.a.h2.H2ConsoleAutoConfiguration    : H2 console available at '/h2-console'. Database available at 'jdbc:h2:mem:db'
2024-10-22T19:00:45.833-03:00  INFO 42732 --- [authserver] [main] o.hibernate.jpa.internal.util.LogHelper  : HHH000204: Processing PersistenceUnitInfo [name: default]
2024-10-22T19:00:45.873-03:00  INFO 42732 --- [authserver] [main] org.hibernate.Version                    : HHH000412: Hibernate ORM core version 6.5.2.Final
2024-10-22T19:00:45.900-03:00  INFO 42732 --- [authserver] [main] o.h.c.internal.RegionFactoryInitiator    : HHH000026: Second-level cache disabled
2024-10-22T19:00:46.094-03:00  INFO 42732 --- [authserver] [main] o.s.o.j.p.SpringPersistenceUnitInfo      : No LoadTimeWeaver setup: ignoring JPA class transformer
2024-10-22T19:00:46.787-03:00  INFO 42732 --- [authserver] [main] o.h.e.t.j.p.i.JtaPlatformInitiator       : HHH000489: No JTA platform available (set 'hibernate.transaction.jta.platform' to enable JTA platform integration)
2024-10-22T19:00:46.831-03:00  INFO 42732 --- [authserver] [main] j.LocalContainerEntityManagerFactoryBean : Initialized JPA EntityManagerFactory for persistence unit 'default'
2024-10-22T19:00:47.194-03:00  INFO 42732 --- [authserver] [main] o.s.d.j.r.query.QueryEnhancerFactory     : Hibernate is in classpath; If applicable, HQL parser will be used.
2024-10-22T19:00:47.560-03:00  WARN 42732 --- [authserver] [main] JpaBaseConfiguration$JpaWebConfiguration : spring.jpa.open-in-view is enabled by default. Therefore, database queries may be performed during view rendering. Explicitly configure spring.jpa.open-in-view to disable this warning
2024-10-22T19:00:47.573-03:00  WARN 42732 --- [authserver] [main] .s.s.UserDetailsServiceAutoConfiguration : 

Using generated security password: 73dc0aaa-630c-4569-b268-6cad2352f83f

This generated password is for development use only. Your security configuration must be updated before running your application in production.

2024-10-22T19:00:47.588-03:00  INFO 42732 --- [authserver] [main] r$InitializeUserDetailsManagerConfigurer : Global AuthenticationManager configured with UserDetailsService bean with name inMemoryUserDetailsManager
2024-10-22T19:00:47.952-03:00  INFO 42732 --- [authserver] [main] o.s.b.w.embedded.tomcat.TomcatWebServer  : Tomcat started on port 8080 (http) with context path '/api'
2024-10-22T19:00:48.079-03:00  INFO 42732 --- [authserver] [main] br.pucpr.authserver.Bootstrapper         : ADMIN and USER roles created!
2024-10-22T19:00:48.098-03:00  INFO 42732 --- [authserver] [main] br.pucpr.authserver.Bootstrapper         : ADMIN user created!
2024-10-22T19:00:48.099-03:00  INFO 42732 --- [authserver] [main] b.p.authserver.AuthserverApplicationKt   : Started AuthserverApplicationKt in 3.926 seconds (process running for 4.299)
2024-10-22T19:00:51.937-03:00  INFO 42732 --- [authserver] [http-nio-8080-exec-1] o.a.c.c.C.[Tomcat].[localhost].[/api]    : Initializing Spring DispatcherServlet 'dispatcherServlet'
2024-10-22T19:00:51.937-03:00  INFO 42732 --- [authserver] [http-nio-8080-exec-1] o.s.web.servlet.DispatcherServlet        : Initializing Servlet 'dispatcherServlet'
2024-10-22T19:00:51.938-03:00  INFO 42732 --- [authserver] [http-nio-8080-exec-1] o.s.web.servlet.DispatcherServlet        : Completed initialization in 1 ms
2024-10-22T19:00:52.482-03:00  INFO 42732 --- [authserver] [http-nio-8080-exec-4] o.springdoc.api.AbstractOpenApiResource  : Init duration for springdoc-openapi is: 336 ms
2024-10-22T19:02:11.081-03:00  INFO 42732 --- [authserver] [SpringApplicationShutdownHook] j.LocalContainerEntityManagerFactoryBean : Closing JPA EntityManagerFactory for persistence unit 'default'
2024-10-22T19:02:11.096-03:00  INFO 42732 --- [authserver] [SpringApplicationShutdownHook] com.zaxxer.hikari.HikariDataSource       : HikariPool-1 - Shutdown initiated...
2024-10-22T19:02:11.096-03:00  INFO 42732 --- [authserver] [SpringApplicationShutdownHook] com.zaxxer.hikari.HikariDataSource       : HikariPool-1 - Shutdown completed.
